396 11111111111111111100
594 11110111111111111110
792 111111111111111111000
999 111111111111111111111111111
1089 10011111111111111111
1188 111101111111111111100
1485 11110111111111111110
1584 1111111111111111110000
1782 11111111111111110110
1818 10111111111111111110
1980 11111111111111111100
1998 1111111111111111111111111110
2079 1001101101111111111111
2178 100111111111111111110
2277 11110111111111111011
2376 1111011111111111111000
2439 10000101011110111101111111
2475 11111111111111111100
2772 11111111111111111100
2970 11110111111111111110
2997 1111110111111111111111111111
3069 11111011110111111111
3168 11111111111111111100000
3257 10011011111111011011
3267 11111001111111111111
3366 11111111111101111110
3564 111111111111111101100
3636 101111111111111111100
3861 1001101101111111111111
3960 111111111111111111000
3996 0
4059 110101101111111111111
4158 10011011011111111111110
4257 11011110111111111111
4356 1001111111111111111100
4455 11111111111111110110
4545 10111111111111111110
4554 111101111111111110110
4653 11111111011111111011
4752 11110111111111111110000
4878 100001010111101111011111110
4950 11111111111111111100
4995 1111111111111111111111111110
5049 11111111111110110111
5148 11111111111111111100
5247 11011111111111101111
5346 11111111111111110110
5445 100111111111111111110
5454 10111111111111111110
5544 111111111111111111000
5643 11011111101111111111
5742 11110111111111111110
5841 11011110111111111111
5940 111101111111111111100
5994 0
6039 11111111111001111111
6138 111110111101111111110
6237 1001101111111101111111
6336 111111111111111111000000
6363 11010111111111111111
6514 100110111111110110110
6534 111110011111111111110
6633 111101111111110111101
6732 111111111111011111100
6831 110011110111111111111
6993 0
7029 11101111111111110111
7128 1111111111111111011000
7227 1001001011011111110111111
7272 1011111111111111111000
7317 10000101011111111101111011
7425 111101111111111111100
7524 11111111111111111100
7623 111101111101111011111
7722 10011011011111111111110
7821 101111111101111111011
7912 11111011111101001000
7920 1111111111111111110000
7992 0
8019 11011111111111101111
8118 1101011011111111111110
8181 10111110111111111111
8217 11111101111111101111
8316 100110110111111111111100
8415 11111111111101111110
8514 110111101111111111110
8712 10011111111111111111000
8792 10010111111111111000
8910 11111111111111110110
8943 100001001111010110111
8991 1111111111111111111111110111
8999 11010111000110011101
9090 10111111111111111110
9108 1111011111111111101100
9207 101111111111110101111
9306 111111110111111110110
9504 111101111111111111100000
9603 11111111011111111011
9702 11111111111101111110
9756 1000010101111011110111111100
9771 10011011111111011011
9801 11111111111111111001
9900 11111111111111111100
9990 1111111111111111111111111110
9999 0
10009 10111000100001001111
10098 111111111111101101110
10197 11101101111111111111
10296 111111111111111111000
10395 10011011011111111111110
10494 110111111111111011110
10593 10111111111111011111
10692 111111111111111101100
10791 110011111111011111111
10890 100111111111111111110
10908 101111111111111111100
10989 0
11088 1111111111111111110000
11187 1010111101011111111111
11286 110111111011111111110
11385 111101111111111110110
11484 111101111111111111100
11583 1001101111111101111111
11682 110111101111111111110
11817 11110111110111111111
11880 1111011111111111111000
11979 110111011011111111111
11988 0
12078 111111111110011111110
12177 110101101111111111111
12195 100001010111101111011111110
12276 1111101111011111111100
12375 111111111111111111000
12474 10011011111111011111110
12573 101111111111010111111
12672 1111111111111111110000000
12726 110101111111111111110
12771 1001111011110111111111
12857 11111011111001111011
12969 11101111111111111101
12987 0
13028 1001101111111101101100
13068 1111100111111111111100
13188 10000110100101011100
13266 1111011111111101111010
13351 11011101101110111001
13365 11111111111111110110
13464 1111111111110111111000
13563 1011000111110011111101111
13635 10111111111111111110
13662 1100111101111111111110
13761 111111001111110111111
13860 11111111111111111100
13947 111111111111111111111
13959 1001011110111111111111
13986 0
14058 111011111111111101110
14157 1010110111111111111101
14256 11111111111111110110000
14355 11110111111111111110
14454 10010010110111111101111110
14544 10111111111111111110000
14553 1001111101111111101111
14634 100001010111111111011110110
14652 11111111111111111100
14751 110110110111111111111
14850 111101111111111111100
14949 110111011011111111111
14985 0
15048 111111111111111111000
15147 110111111111111110011
15246 1111011111011110111110
15345 111110111101111111110
15444 100110110111111111111100
15453 11110101111111111111
15543 101111111111111101011
15642 1011111111011111110110
15741 11011111111111101111
15824 111110111111010010000
15840 11111111111111111100000
15939 101111011111110111111
15984 0
16038 110111111111111011110
16137 11111110110111111111
16236 11010110111111111111100
16285 100110111111110110110
16335 111110011111111111110
16362 101111101111111111110
16434 111111011111111011110
16533 110111111111011011111
16632 1001101101111111111111000
16731 10111111111111111101
16830 11111111111101111110
16929 11111101111011111111
16983 1111111111111111110111111111
17028 1101111011111111111100
17073 10000101111110111101111011
17127 111101011111101111111
17226 11110111111111111110
17271 11110111111111011111
17325 11111111111111111100
17424 100111111111111111110000
17523 101111011111011111111
17584 100101111111111110000
17622 11110111111111111110
17721 101101111111110111111
17820 111111111111111101100
17886 1000010011110101101110
17982 0
17998 110101110001100111010
18117 11111111111001111111
18180 101111111111111111100
18216 11110111111111111011000
18414 1011111111111101011110
18432 11111111100000000000
18513 110101101111111111111
18612 1111111101111111101100
18711 1001111111111111101101
18909 100101111111111111111
18981 0
19008 1111011111111111111000000
19089 101101111110111111111
19107 11011111111110111111
19206 111111110111111110110
19305 10011011011111111111110
19404 111111111111011111100
19503 10110111111111111111
19512 0
19542 100110111111110110110
19602 111111111111111110010
19701 110111101111111101111
19800 111111111111111111000
19899 111101111111110111101
19980 0
19998 0
